<?xml version="1.0" encoding="UTF-8"?>
<!-- Generated by org.testng.reporters.JUnitXMLReporter -->
<testsuite ignored="0" hostname="DESKTOP-3FGKQGD" failures="1" tests="1" name="Default test(failed)" time="0.057" errors="0" timestamp="2021-11-23T22:40:25 IST">
  <testcase classname="com.testng.org.k_parameterized" name="login_cerdentials" time="0.0">
    <failure type="org.testng.TestNGException" message="
Parameter &amp;apos;username&amp;apos; is required by @Test on method login_cerdentials but has not been marked @Optional or defined
in C:\Users\Ramesh .K\eclipse-workspace\TestNG_Program\test-output\testng-failed.xml">
      <![CDATA[org.testng.TestNGException: 
Parameter 'username' is required by @Test on method login_cerdentials but has not been marked @Optional or defined
in C:\Users\Ramesh .K\eclipse-workspace\TestNG_Program\test-output\testng-failed.xml
at java.base/java.util.ArrayList.forEach(ArrayList.java:1511)
... Removed 26 stack frames]]>
    </failure>
  </testcase> <!-- login_cerdentials -->
</testsuite> <!-- Default test(failed) -->
